<?xml version="1.0" encoding="UTF-8"?>
<!-- Generated by org.testng.reporters.JUnitReportReporter -->
<testsuite skipped="0" hostname="NYC-MXL43819LK" name="com.systemsetup.UserIsAbleToValidateSearchInputField" tests="1" failures="0" timestamp="08 Feb 2019 14:37:37 GMT" time="5.383" errors="0">
  <testcase name="userIsAbleToVerifySearchInputField" time="5.383" classname="com.systemsetup.UserIsAbleToValidateSearchInputField"/>
</testsuite> <!-- com.systemsetup.UserIsAbleToValidateSearchInputField -->
